mode: set
github.com/nikicivan/bookings-in-go/internal/handlers/handlers.go:30.62,35.2 1 0
github.com/nikicivan/bookings-in-go/internal/handlers/handlers.go:38.51,43.2 1 1
github.com/nikicivan/bookings-in-go/internal/handlers/handlers.go:45.33,47.2 1 1
github.com/nikicivan/bookings-in-go/internal/handlers/handlers.go:50.67,54.2 3 1
github.com/nikicivan/bookings-in-go/internal/handlers/handlers.go:57.68,60.2 1 1
github.com/nikicivan/bookings-in-go/internal/handlers/handlers.go:63.67,67.2 3 1
github.com/nikicivan/bookings-in-go/internal/handlers/handlers.go:70.68,74.2 3 1
github.com/nikicivan/bookings-in-go/internal/handlers/handlers.go:77.75,81.2 3 1
github.com/nikicivan/bookings-in-go/internal/handlers/handlers.go:84.79,91.16 5 0
github.com/nikicivan/bookings-in-go/internal/handlers/handlers.go:95.2,96.16 2 0
github.com/nikicivan/bookings-in-go/internal/handlers/handlers.go:101.2,102.16 2 0
github.com/nikicivan/bookings-in-go/internal/handlers/handlers.go:107.2,107.21 1 0
github.com/nikicivan/bookings-in-go/internal/handlers/handlers.go:114.2,126.4 5 0
github.com/nikicivan/bookings-in-go/internal/handlers/handlers.go:91.16,94.3 2 0
github.com/nikicivan/bookings-in-go/internal/handlers/handlers.go:96.16,99.3 2 0
github.com/nikicivan/bookings-in-go/internal/handlers/handlers.go:102.16,105.3 2 0
github.com/nikicivan/bookings-in-go/internal/handlers/handlers.go:107.21,112.3 3 0
github.com/nikicivan/bookings-in-go/internal/handlers/handlers.go:132.73,134.16 2 0
github.com/nikicivan/bookings-in-go/internal/handlers/handlers.go:139.2,140.9 2 0
github.com/nikicivan/bookings-in-go/internal/handlers/handlers.go:145.2,149.63 3 0
github.com/nikicivan/bookings-in-go/internal/handlers/handlers.go:134.16,137.3 2 0
github.com/nikicivan/bookings-in-go/internal/handlers/handlers.go:140.9,143.3 2 0
github.com/nikicivan/bookings-in-go/internal/handlers/handlers.go:161.79,167.16 5 0
github.com/nikicivan/bookings-in-go/internal/handlers/handlers.go:171.2,172.16 2 0
github.com/nikicivan/bookings-in-go/internal/handlers/handlers.go:177.2,190.16 5 0
github.com/nikicivan/bookings-in-go/internal/handlers/handlers.go:195.2,197.14 3 0
github.com/nikicivan/bookings-in-go/internal/handlers/handlers.go:167.16,170.3 2 0
github.com/nikicivan/bookings-in-go/internal/handlers/handlers.go:172.16,175.3 2 0
github.com/nikicivan/bookings-in-go/internal/handlers/handlers.go:190.16,193.3 2 0
github.com/nikicivan/bookings-in-go/internal/handlers/handlers.go:201.70,205.2 3 1
github.com/nikicivan/bookings-in-go/internal/handlers/handlers.go:208.74,210.9 2 1
github.com/nikicivan/bookings-in-go/internal/handlers/handlers.go:216.2,217.16 2 1
github.com/nikicivan/bookings-in-go/internal/handlers/handlers.go:223.2,241.4 10 1
github.com/nikicivan/bookings-in-go/internal/handlers/handlers.go:210.9,214.3 3 1
github.com/nikicivan/bookings-in-go/internal/handlers/handlers.go:217.16,221.3 3 1
github.com/nikicivan/bookings-in-go/internal/handlers/handlers.go:245.78,247.9 2 1
github.com/nikicivan/bookings-in-go/internal/handlers/handlers.go:253.2,254.16 2 1
github.com/nikicivan/bookings-in-go/internal/handlers/handlers.go:260.2,272.19 9 0
github.com/nikicivan/bookings-in-go/internal/handlers/handlers.go:283.2,284.16 2 0
github.com/nikicivan/bookings-in-go/internal/handlers/handlers.go:290.2,299.16 3 0
github.com/nikicivan/bookings-in-go/internal/handlers/handlers.go:305.2,307.66 2 0
github.com/nikicivan/bookings-in-go/internal/handlers/handlers.go:247.9,251.3 3 1
github.com/nikicivan/bookings-in-go/internal/handlers/handlers.go:254.16,258.3 3 1
github.com/nikicivan/bookings-in-go/internal/handlers/handlers.go:272.19,281.3 4 0
github.com/nikicivan/bookings-in-go/internal/handlers/handlers.go:284.16,288.3 3 0
github.com/nikicivan/bookings-in-go/internal/handlers/handlers.go:299.16,303.3 3 0
github.com/nikicivan/bookings-in-go/internal/handlers/handlers.go:311.81,313.9 2 0
github.com/nikicivan/bookings-in-go/internal/handlers/handlers.go:320.2,335.4 9 0
github.com/nikicivan/bookings-in-go/internal/handlers/handlers.go:313.9,318.3 4 0
github.com/nikicivan/bookings-in-go/internal/handlers/handlers.go:339.71,341.16 2 0
github.com/nikicivan/bookings-in-go/internal/handlers/handlers.go:346.2,351.16 5 0
github.com/nikicivan/bookings-in-go/internal/handlers/handlers.go:355.2,356.16 2 0
github.com/nikicivan/bookings-in-go/internal/handlers/handlers.go:361.2,362.16 2 0
github.com/nikicivan/bookings-in-go/internal/handlers/handlers.go:367.2,375.63 7 0
github.com/nikicivan/bookings-in-go/internal/handlers/handlers.go:341.16,344.3 2 0
github.com/nikicivan/bookings-in-go/internal/handlers/handlers.go:351.16,354.3 2 0
github.com/nikicivan/bookings-in-go/internal/handlers/handlers.go:356.16,359.3 2 0
github.com/nikicivan/bookings-in-go/internal/handlers/handlers.go:362.16,365.3 2 0
